Task ID: 2
Using params from param-files/Deep-LP/log-polar-params-2-stride3.yaml
Loaded param-files/Deep-LP/log-polar-params-2-stride3.yaml
Created output directory '/geode2/home/u080/skarukas/Carbonate/SITH/out/Deep_LP_train/lp_mnist_med_1153406/2/log'
Training using cuda
Loading training data
Loading validation data
Model Architecture:
DeepLogPolarClassifier(
  (lpconv_layers): ModuleList(
    (0): LogPolarConv(
      (lpconv): _LogPolar_Core(
        (logpolar): LogPolarTransform(ntau=40, tau_min=1, tau_max=60, buff_max=180, dt=1, k=35, g=0.0)
        (conv): Conv2d(1, 20, kernel_size=(5, 5), stride=(1, 1), bias=False)
        (pool): MaxPool2d(kernel_size=(36, 1), stride=(36, 1), padding=0, dilation=1, ceil_mode=False)
      )
      (act_func): ReLU()
      (dropout): Dropout(p=0, inplace=False)
    )
    (1): LogPolarConv(
      (lpconv): _LogPolar_Core(
        (logpolar): LogPolarTransform(ntau=40, tau_min=1, tau_max=60, buff_max=180, dt=1, k=35, g=0.0)
        (conv): Conv2d(20, 20, kernel_size=(5, 5), stride=(1, 1), bias=False)
        (pool): MaxPool2d(kernel_size=(36, 1), stride=(36, 1), padding=0, dilation=1, ceil_mode=False)
      )
      (act_func): ReLU()
      (dropout): Dropout(p=0, inplace=False)
    )
  )
  (transform_linears): ModuleList(
    (0): Linear(in_features=200, out_features=20, bias=True)
    (1): Linear(in_features=200, out_features=10, bias=True)
  )
)
