Task ID: 0
Using params from param-files/Deep-LP/combo-quick-med.yaml
Loaded param-files/Deep-LP/combo-quick-med.yaml
Created output directory '/geode2/home/u080/skarukas/Carbonate/SITH/out/Deep_LP_train/lp_mnist_combo_quick_med_1193862/combo-quick-med_0/log'
Training using cuda
Loading training data
Loading validation data
torch.Size([400, 180, 180])
torch.Size([400, 180, 180])
Model Architecture:
DeepLogPolarClassifier(
  (lpconv_layers): ModuleList(
    (0): LogPolarConv(
      (lpconv): _LogPolar_Core(
        (logpolar): LogPolarTransform(ntau=40, tau_min=1, tau_max=60, buff_max=180, dt=1, k=35, g=0.0)
        (conv): Conv2d(1, 20, kernel_size=(5, 5), stride=(1, 1), bias=False)
        (depth_pool): MaxPool2d(kernel_size=(36, 4), stride=(36, 4), padding=0, dilation=1, ceil_mode=False)
      )
      (act_func): ReLU()
      (batch_norm): BatchNorm2d(20, eps=1e-05, momentum=0.1, affine=True, track_running_stats=True)
      (dropout): Dropout(p=0, inplace=False)
    )
    (1): LogPolarConv(
      (lpconv): _LogPolar_Core(
        (logpolar): LogPolarTransform(ntau=40, tau_min=1, tau_max=60, buff_max=180, dt=1, k=35, g=0.0)
        (conv): Conv2d(20, 20, kernel_size=(5, 5), stride=(1, 1), bias=False)
        (depth_pool): MaxPool2d(kernel_size=(36, 4), stride=(36, 4), padding=0, dilation=1, ceil_mode=False)
      )
      (act_func): ReLU()
      (batch_norm): BatchNorm2d(20, eps=1e-05, momentum=0.1, affine=True, track_running_stats=True)
      (dropout): Dropout(p=0, inplace=False)
    )
  )
  (transform_linears): ModuleList(
    (0): Linear(in_features=60, out_features=20, bias=True)
    (1): Linear(in_features=60, out_features=10, bias=True)
  )
)
