Task ID: 0
Using params from param-files/Deep-LP/CIFAR10/maxout-med.yaml
Loaded param-files/Deep-LP/CIFAR10/maxout-med.yaml
Created output directory '/geode2/home/u080/skarukas/Carbonate/SITH/out/Deep_LP_train/cifar10/maxout_less_pooling_1219247/maxout-med_0/log'
Training using cuda
Loading training data
Files already downloaded and verified
Loading validation data
Files already downloaded and verified
Model Architecture:
DeepLogPolarClassifier(
  (lpconv_layers): ModuleList(
    (0): LogPolarConv(
      (lpconv): _LogPolar_Core(
        (logpolar): LogPolarTransform(ntau=40, tau_min=1, tau_max=60, buff_max=180, dt=1, k=35, g=0.0)
        (conv): Conv2d(3, 20, kernel_size=(5, 5), stride=(1, 1), bias=False)
        (depth_pool): MaxPool2d(kernel_size=(4, 2), stride=(4, 2), padding=0, dilation=1, ceil_mode=False)
      )
      (act_func): ReLU()
      (dropout): Dropout(p=0, inplace=False)
    )
    (1): LogPolarConv(
      (lpconv): _LogPolar_Core(
        (logpolar): LogPolarTransform(ntau=40, tau_min=1, tau_max=60, buff_max=180, dt=1, k=35, g=0.0)
        (conv): Conv2d(20, 20, kernel_size=(5, 5), stride=(1, 1), bias=False)
        (depth_pool): MaxPool2d(kernel_size=(4, 2), stride=(4, 2), padding=0, dilation=1, ceil_mode=False)
      )
      (act_func): ReLU()
      (dropout): Dropout(p=0, inplace=False)
    )
  )
  (transform_linears): ModuleList(
    (0): Linear(in_features=900, out_features=20, bias=True)
    (1): Linear(in_features=900, out_features=10, bias=True)
  )
)
Total parameters: 38570
