Task ID: 0
Using params from param-files/Deep-LP/CIFAR10/ab_tests/1e-2_lr.yaml
Loaded param-files/Deep-LP/CIFAR10/ab_tests/1e-2_lr.yaml
Created output directory '/geode2/home/u080/skarukas/Carbonate/SITH/out/Deep_LP_train/cifar10/learningrate_ab_1240860/1e-2_lr_0/log'
Training using cuda
Loading training data
Files already downloaded and verified
Loading validation data
Files already downloaded and verified
Model Architecture:
DeepLogPolarClassifier(
  (lpconv_layers): ModuleList(
    (0): LogPolarConv(
      (lpconv): _LogPolar_Core(
        (logpolar): LogPolarTransform(ntau=26, tau_min=1, tau_max=40, buff_max=120, dt=1, k=35, g=0.0)
        (conv): Conv2d(3, 16, kernel_size=(5, 5), stride=(1, 1), bias=False)
        (depth_pool): MaxPool2d(kernel_size=(4, 4), stride=(4, 4), padding=0, dilation=1, ceil_mode=False)
      )
      (act_func): ReLU()
      (dropout): Dropout(p=0.2, inplace=False)
    )
    (1): LogPolarConv(
      (lpconv): _LogPolar_Core(
        (logpolar): LogPolarTransform(ntau=26, tau_min=1, tau_max=40, buff_max=120, dt=1, k=35, g=0.0)
        (conv): Conv2d(16, 32, kernel_size=(5, 5), stride=(1, 1), bias=False)
        (depth_pool): MaxPool2d(kernel_size=(4, 4), stride=(4, 4), padding=0, dilation=1, ceil_mode=False)
      )
      (act_func): ReLU()
      (dropout): Dropout(p=0.2, inplace=False)
    )
    (2): LogPolarConv(
      (lpconv): _LogPolar_Core(
        (logpolar): LogPolarTransform(ntau=26, tau_min=1, tau_max=40, buff_max=120, dt=1, k=35, g=0.0)
        (conv): Conv2d(32, 64, kernel_size=(5, 5), stride=(1, 1), bias=False)
        (depth_pool): MaxPool2d(kernel_size=(4, 4), stride=(4, 4), padding=0, dilation=1, ceil_mode=False)
      )
      (act_func): ReLU()
      (dropout): Dropout(p=0.2, inplace=False)
    )
  )
  (transform_linears): ModuleList(
    (0): Linear(in_features=400, out_features=16, bias=True)
    (1): Linear(in_features=800, out_features=32, bias=True)
    (2): Linear(in_features=1600, out_features=10, bias=True)
  )
)
Total parameters: 113370
