Task ID: 3
Using params from param-files/Deep-LP/CIFAR10/ab_tests/max_40_n_10.yaml
Loaded param-files/Deep-LP/CIFAR10/ab_tests/max_40_n_10.yaml
Created output directory '/geode2/home/u080/skarukas/Carbonate/SITH/out/Deep_LP_train/cifar10/maxtau_ntau_grid_1247881/max_40_n_10_3/log'
Training using cuda
Loading training data
Files already downloaded and verified
Loading validation data
Files already downloaded and verified
Model Architecture:
DeepLogPolarClassifier(
  (lpconv_layers): ModuleList(
    (0): LogPolarConv(
      (lpconv): _LogPolar_Core(
        (logpolar): LogPolarTransform(ntau=10, tau_range=1:40, ntheta=20, stride=(2, 2), localization=step, window_shape=arc)
        (conv): Conv2d(3, 16, kernel_size=(5, 5), stride=(1, 1), bias=False)
        (depth_pool): MaxPool2d(kernel_size=(2, 4), stride=(2, 4), padding=0, dilation=1, ceil_mode=False)
      )
      (act_func): ReLU()
      (dropout): Dropout(p=0.2, inplace=False)
    )
    (1): LogPolarConv(
      (lpconv): _LogPolar_Core(
        (logpolar): LogPolarTransform(ntau=10, tau_range=1:40, ntheta=20, stride=(2, 2), localization=step, window_shape=arc)
        (conv): Conv2d(16, 32, kernel_size=(5, 5), stride=(1, 1), bias=False)
        (depth_pool): MaxPool2d(kernel_size=(2, 4), stride=(2, 4), padding=0, dilation=1, ceil_mode=False)
      )
      (act_func): ReLU()
      (dropout): Dropout(p=0.2, inplace=False)
    )
    (2): LogPolarConv(
      (lpconv): _LogPolar_Core(
        (logpolar): LogPolarTransform(ntau=10, tau_range=1:40, ntheta=20, stride=(2, 2), localization=step, window_shape=arc)
        (conv): Conv2d(32, 64, kernel_size=(5, 5), stride=(1, 1), bias=False)
        (depth_pool): MaxPool2d(kernel_size=(2, 4), stride=(2, 4), padding=0, dilation=1, ceil_mode=False)
      )
      (act_func): ReLU()
      (dropout): Dropout(p=0.2, inplace=False)
    )
  )
  (transform_linears): ModuleList(
    (0): Linear(in_features=240, out_features=16, bias=True)
    (1): Linear(in_features=480, out_features=32, bias=True)
    (2): Linear(in_features=960, out_features=10, bias=True)
  )
)
Total parameters: 94170
