Task ID: 0
Using params from param-files/Deep-LP/CIFAR10/ab_tests/local_16_8.yaml
Loaded param-files/Deep-LP/CIFAR10/ab_tests/local_16_8.yaml
Created output directory '/geode2/home/u080/skarukas/Carbonate/SITH/out/Deep_LP_train/cifar10/local_filter_2_large_1263239/local_16_8_0/log'
Training using cuda
Loading training data
Files already downloaded and verified
Loading validation data
Files already downloaded and verified
Model Architecture:
DeepLogPolarClassifier(
  (lpconv_layers): ModuleList(
    (0): LogPolarConv(
      (lpconv): _LogPolar_Core(
        (logpolar): LogPolarTransform(ntau=8, tau_range=1:16, ntheta=8, stride=(2, 2), localization=step, window_shape=arc)
        (conv): Conv2d(3, 16, kernel_size=(5, 5), stride=(1, 1), bias=False)
        (depth_pool): MaxPool2d(kernel_size=(4, 2), stride=(4, 2), padding=0, dilation=1, ceil_mode=False)
      )
      (act_func): ReLU()
      (dropout): Dropout(p=0.2, inplace=False)
    )
    (1): LogPolarConv(
      (lpconv): _LogPolar_Core(
        (logpolar): LogPolarTransform(ntau=8, tau_range=1:16, ntheta=8, stride=(2, 2), localization=step, window_shape=arc)
        (conv): Conv2d(16, 32, kernel_size=(5, 5), stride=(1, 1), bias=False)
        (depth_pool): MaxPool2d(kernel_size=(4, 2), stride=(4, 2), padding=0, dilation=1, ceil_mode=False)
      )
      (act_func): ReLU()
      (dropout): Dropout(p=0.2, inplace=False)
    )
    (2): LogPolarConv(
      (lpconv): _LogPolar_Core(
        (logpolar): LogPolarTransform(ntau=8, tau_range=1:16, ntheta=8, stride=(2, 2), localization=step, window_shape=arc)
        (conv): Conv2d(32, 64, kernel_size=(5, 5), stride=(1, 1), bias=False)
        (depth_pool): MaxPool2d(kernel_size=(4, 2), stride=(4, 2), padding=0, dilation=1, ceil_mode=False)
      )
      (act_func): ReLU()
      (dropout): Dropout(p=0.2, inplace=False)
    )
  )
  (transform_linears): ModuleList(
    (0): Linear(in_features=64, out_features=16, bias=True)
    (1): Linear(in_features=128, out_features=32, bias=True)
    (2): Linear(in_features=256, out_features=10, bias=True)
  )
)
Total parameters: 73050
