Task ID: 3
Using params from param-files/Deep-LP/CIFAR10/ab_tests/local_5_5_5_fullpool.yaml
Loaded param-files/Deep-LP/CIFAR10/ab_tests/local_5_5_5_fullpool.yaml
Created output directory '/geode2/home/u080/skarukas/Carbonate/SITH/out/Deep_LP_train/cifar10/local_filter_2_large_1263239/local_5_5_5_fullpool_3/log'
Training using cuda
Loading training data
Files already downloaded and verified
Loading validation data
Files already downloaded and verified
Model Architecture:
DeepLogPolarClassifier(
  (lpconv_layers): ModuleList(
    (0): LogPolarConv(
      (lpconv): _LogPolar_Core(
        (logpolar): LogPolarTransform(ntau=5, tau_range=1:5, ntheta=5, stride=(2, 2), localization=step, window_shape=arc)
        (conv): Conv2d(3, 32, kernel_size=(3, 3), stride=(1, 1), bias=False)
        (depth_pool): MaxPool2d(kernel_size=(3, 5), stride=(3, 5), padding=0, dilation=1, ceil_mode=False)
      )
      (act_func): ReLU()
      (dropout): Dropout(p=0.2, inplace=False)
    )
    (1): LogPolarConv(
      (lpconv): _LogPolar_Core(
        (logpolar): LogPolarTransform(ntau=5, tau_range=1:5, ntheta=5, stride=(2, 2), localization=step, window_shape=arc)
        (conv): Conv2d(32, 64, kernel_size=(3, 3), stride=(1, 1), bias=False)
        (depth_pool): MaxPool2d(kernel_size=(3, 5), stride=(3, 5), padding=0, dilation=1, ceil_mode=False)
      )
      (act_func): ReLU()
      (dropout): Dropout(p=0.2, inplace=False)
    )
    (2): LogPolarConv(
      (lpconv): _LogPolar_Core(
        (logpolar): LogPolarTransform(ntau=5, tau_range=1:5, ntheta=5, stride=(2, 2), localization=step, window_shape=arc)
        (conv): Conv2d(64, 128, kernel_size=(3, 3), stride=(1, 1), bias=False)
        (depth_pool): MaxPool2d(kernel_size=(3, 5), stride=(3, 5), padding=0, dilation=1, ceil_mode=False)
      )
      (act_func): ReLU()
      (dropout): Dropout(p=0.2, inplace=False)
    )
  )
  (transform_linears): ModuleList(
    (0): Linear(in_features=32, out_features=32, bias=True)
    (1): Linear(in_features=64, out_features=64, bias=True)
    (2): Linear(in_features=128, out_features=10, bias=True)
  )
)
Total parameters: 99754
