Task ID: 0
Running in out/Deep_LP_train/mnist/full_mnist_angle_invariance/med_model_large_topk_389594/30deg_rotations_tk12_lg_1
Using cuda

For transform={'scale': 1}:
 acc=0.9888, loss=0.0344924582603852

For transform={'scale': 4}:
 acc=0.1132, loss=6.17642428252697

For transform={'scale': 3}:
 acc=0.1932, loss=5.435256010043621

For transform={'scale': 2}:
 acc=0.3455, loss=3.556447812836245

For transform={'scale': 1.5}:
 acc=0.7003, loss=1.0144113395704422

For transform={'scale': 0.8}:
 acc=0.9541, loss=0.15214541405890486

For transform={'scale': 0.6}:
 acc=0.5739, loss=1.3089476248592138

For transform={'scale': 0.5}:
 acc=0.3758, loss=1.9247416133999824

For transform={'angle': 5}:
 acc=0.9844, loss=0.050478871295374844

For transform={'angle': 15}:
 acc=0.9829, loss=0.05572389685775051

For transform={'angle': 30}:
 acc=0.9698, loss=0.09690236189514453

For transform={'angle': 45}:
 acc=0.9518, loss=0.15115826159817772

For transform={'angle': 60}:
 acc=0.9593, loss=0.1183607538128641

For transform={'angle': 90}:
 acc=0.9887, loss=0.03451981781738181

For transform={'t_x': 1, 't_y': 1}:
 acc=0.7619, loss=1.3115411945965931

For transform={'t_x': 2, 't_y': 2}:
 acc=0.6531, loss=3.3193177673817145

For transform={'t_x': 4, 't_y': 4}:
 acc=0.6029, loss=3.861496487506922

For transform={'t_x': 6, 't_y': 6}:
 acc=0.6006, loss=3.8829833023276494

For transform={'t_x': 10, 't_y': 10}:
 acc=0.588, loss=3.8731986554809015
