Task ID: 2
Running in out/Deep_LP_train/mnist/lg_trim_new_445226/standard_lg_trim4_2
Using cuda

For transform={'scale': 3}:
 acc=0.5276, loss=3.0654353637217784

For transform={'scale': 1}:
 acc=0.9881, loss=0.039524365400235004

For transform={'scale': 2}:
 acc=0.758, loss=1.2530748242991567

For transform={'scale': 1.5}:
 acc=0.9061, loss=0.3191588516364619

For transform={'scale': 0.8}:
 acc=0.8314, loss=0.5561649660818087

For transform={'scale': 0.6}:
 acc=0.4697, loss=1.688025339977257

For transform={'scale': 0.5}:
 acc=0.2032, loss=2.3600835425376894

For transform={'angle': 5}:
 acc=0.9812, loss=0.06342848798552707

For transform={'angle': 15}:
 acc=0.9762, loss=0.08403068545668753

For transform={'angle': 30}:
 acc=0.9324, loss=0.22516533422438262

For transform={'angle': 45}:
 acc=0.8841, loss=0.3993431562355793

For transform={'angle': 60}:
 acc=0.9109, loss=0.2968031696995319

For transform={'angle': 90}:
 acc=0.9879, loss=0.03959941019748451

For transform={'t_x': 1, 't_y': 1, 'out_size': (28, 28)}:
 acc=0.6573, loss=2.3298153776516224

For transform={'t_x': 2, 't_y': 2, 'out_size': (28, 28)}:
 acc=0.4331, loss=6.081740601408275

For transform={'t_x': 3, 't_y': 3, 'out_size': (28, 28)}:
 acc=0.3408, loss=7.294313703311461

For transform={'t_x': 4, 't_y': 4, 'out_size': (28, 28)}:
 acc=0.135, loss=12.64887269364334

For transform={'t_x': -1, 't_y': -1, 'out_size': (28, 28)}:
 acc=0.9766, loss=0.08501400094439687

For transform={'t_x': -2, 't_y': -2, 'out_size': (28, 28)}:
 acc=0.5171, loss=2.297383883129843

For transform={'t_x': -3, 't_y': -3, 'out_size': (28, 28)}:
 acc=0.2569, loss=4.671451777962444

For transform={'t_x': -4, 't_y': -4, 'out_size': (28, 28)}:
 acc=0.1878, loss=4.344558997967467

For transform={'angle': 0.0}:
 acc=0.9881, loss=0.03952436541260431

For transform={'angle': 15.0}:
 acc=0.9762, loss=0.08403068559355063

For transform={'angle': 30.0}:
 acc=0.9324, loss=0.22516533422399512

For transform={'angle': 45.0}:
 acc=0.8841, loss=0.3993431564789594

For transform={'angle': 60.0}:
 acc=0.9109, loss=0.29680316958187924

For transform={'angle': 75.0}:
 acc=0.9638, loss=0.12245234948894065

For transform={'angle': 90.0}:
 acc=0.9879, loss=0.03959941013483505

For transform={'angle': 105.0}:
 acc=0.9766, loss=0.08389051052004383

For transform={'angle': 120.0}:
 acc=0.9327, loss=0.2245616388285913

For transform={'angle': 135.0}:
 acc=0.8845, loss=0.3936770654700723

For transform={'angle': 150.0}:
 acc=0.9113, loss=0.2962185662479569

For transform={'angle': 165.0}:
 acc=0.9633, loss=0.12234287191316666

For transform={'angle': 180.0}:
 acc=0.9881, loss=0.0394599324007029

For transform={'angle': 195.0}:
 acc=0.9763, loss=0.08396724230248499

For transform={'angle': 210.0}:
 acc=0.9324, loss=0.2245424454233268

For transform={'angle': 225.0}:
 acc=0.8835, loss=0.40208487440290885

For transform={'angle': 240.0}:
 acc=0.9111, loss=0.29655448242900245

For transform={'angle': 255.0}:
 acc=0.9635, loss=0.12273491683213203

For transform={'angle': 270.0}:
 acc=0.9881, loss=0.03959367196442085

For transform={'angle': 285.0}:
 acc=0.9762, loss=0.08414275408989137

For transform={'angle': 300.0}:
 acc=0.9326, loss=0.22519485098296

For transform={'angle': 315.0}:
 acc=0.8837, loss=0.39874802281936633

For transform={'angle': 330.0}:
 acc=0.9111, loss=0.29704011944056624

For transform={'angle': 345.0}:
 acc=0.9635, loss=0.12241656668332289

For transform=MNIST_R:
 acc=0.9409, loss=0.19085386120190284
