Task ID: 1
Running in out/Deep_LP_train/mnist/full_mnist_angle_invariance/med_model_large_topk_389594/30deg_rotations_tk12_md_0
Using cuda

For transform={'scale': 1}:
 acc=0.987, loss=0.041323817475124786

For transform={'scale': 4}:
 acc=0.0984, loss=5.760539812231064

For transform={'scale': 3}:
 acc=0.1034, loss=4.992231852960587

For transform={'scale': 2}:
 acc=0.3078, loss=2.8690157808423042

For transform={'scale': 1.5}:
 acc=0.7874, loss=0.6718716855702224

For transform={'scale': 0.8}:
 acc=0.9562, loss=0.14753339993587578

For transform={'scale': 0.6}:
 acc=0.4342, loss=1.6252460225582124

For transform={'scale': 0.5}:
 acc=0.162, loss=2.450500875926018

For transform={'angle': 5}:
 acc=0.9847, loss=0.05198246091419924

For transform={'angle': 15}:
 acc=0.9804, loss=0.06335571241083007

For transform={'angle': 30}:
 acc=0.9639, loss=0.11289460786816867

For transform={'angle': 45}:
 acc=0.9441, loss=0.17148400803019104

For transform={'angle': 60}:
 acc=0.9616, loss=0.11857469990592326

For transform={'angle': 90}:
 acc=0.9873, loss=0.04133934619481954

For transform={'t_x': 1, 't_y': 1}:
 acc=0.7554, loss=1.3426750073658267

For transform={'t_x': 2, 't_y': 2}:
 acc=0.6621, loss=2.488512997180543

For transform={'t_x': 4, 't_y': 4}:
 acc=0.6126, loss=2.5650539001123414

For transform={'t_x': 6, 't_y': 6}:
 acc=0.5957, loss=2.670533758810712

For transform={'t_x': 10, 't_y': 10}:
 acc=0.5967, loss=2.684785821302404
