Task ID: 0
Running in out/Deep_LP_train/mnist/full_mnist_angle_invariance/small_model_large_topk_389084/30deg_rotations_tk6_0
Using cuda

For transform={'angle': 0.0}:
 acc=0.983326677316294, loss=0.05090415795068123

For transform={'angle': 15.0}:
 acc=0.9678514376996805, loss=0.09556336088415485

For transform={'angle': 30.0}:
 acc=0.9422923322683706, loss=0.1672964531589097

For transform={'angle': 45.0}:
 acc=0.9232228434504792, loss=0.23047534892329583

For transform={'angle': 60.0}:
 acc=0.9427915335463258, loss=0.17258653255364004

For transform={'angle': 75.0}:
 acc=0.9682507987220448, loss=0.09586766067023475

For transform={'angle': 90.0}:
 acc=0.9832268370607029, loss=0.05145678719016203

For transform={'angle': 105.0}:
 acc=0.9681509584664537, loss=0.0956792977590935

For transform={'angle': 120.0}:
 acc=0.9424920127795527, loss=0.1668472983175145

For transform={'angle': 135.0}:
 acc=0.9255191693290735, loss=0.2325625351180855

For transform={'angle': 150.0}:
 acc=0.9423921725239617, loss=0.17227740391208152

For transform={'angle': 165.0}:
 acc=0.9681509584664537, loss=0.0955654420940497

For transform={'angle': 180.0}:
 acc=0.9831269968051118, loss=0.050822484558790376

For transform={'angle': 195.0}:
 acc=0.9679512779552716, loss=0.09561320899958951

For transform={'angle': 210.0}:
 acc=0.9421924920127795, loss=0.16709419520803914

For transform={'angle': 225.0}:
 acc=0.9235223642172524, loss=0.22675036676466084

For transform={'angle': 240.0}:
 acc=0.943091054313099, loss=0.1722494893746016

For transform={'angle': 255.0}:
 acc=0.9681509584664537, loss=0.09542750802929528

For transform={'angle': 270.0}:
 acc=0.9832268370607029, loss=0.050772793529839357

For transform={'angle': 285.0}:
 acc=0.9678514376996805, loss=0.09563801229407731

For transform={'angle': 300.0}:
 acc=0.9425918530351438, loss=0.16675300634177492

For transform={'angle': 315.0}:
 acc=0.9233226837060703, loss=0.23099642764693631

For transform={'angle': 330.0}:
 acc=0.9428913738019169, loss=0.17231961555136277

For transform={'angle': 345.0}:
 acc=0.9683506389776357, loss=0.09549526570100016
