Task ID: 1
Running in out/Deep_LP_train/mnist/full_mnist_angle_invariance/small_model_large_topk_389084/30deg_rotations_tk12_1
Using cuda

For transform={'angle': 0.0}:
 acc=0.9829273162939297, loss=0.05522679779328965

For transform={'angle': 15.0}:
 acc=0.9678514376996805, loss=0.09762537540025866

For transform={'angle': 30.0}:
 acc=0.9464856230031949, loss=0.16083390160966604

For transform={'angle': 45.0}:
 acc=0.9196285942492013, loss=0.24127465205344434

For transform={'angle': 60.0}:
 acc=0.9462859424920128, loss=0.16232183631271505

For transform={'angle': 75.0}:
 acc=0.9690495207667732, loss=0.094377118285549

For transform={'angle': 90.0}:
 acc=0.9827276357827476, loss=0.05509077862314969

For transform={'angle': 105.0}:
 acc=0.9679512779552716, loss=0.09772265694675425

For transform={'angle': 120.0}:
 acc=0.9460862619808307, loss=0.161287008730409

For transform={'angle': 135.0}:
 acc=0.919029552715655, loss=0.2420975369053146

For transform={'angle': 150.0}:
 acc=0.9460862619808307, loss=0.1626812500623278

For transform={'angle': 165.0}:
 acc=0.9689496805111821, loss=0.09445626650618526

For transform={'angle': 180.0}:
 acc=0.9829273162939297, loss=0.05525402928562686

For transform={'angle': 195.0}:
 acc=0.9682507987220448, loss=0.09771653107432916

For transform={'angle': 210.0}:
 acc=0.9458865814696485, loss=0.16180505388425276

For transform={'angle': 225.0}:
 acc=0.9202276357827476, loss=0.23850926597373553

For transform={'angle': 240.0}:
 acc=0.9457867412140575, loss=0.16250496245652865

For transform={'angle': 255.0}:
 acc=0.9700479233226837, loss=0.09448969937390841

For transform={'angle': 270.0}:
 acc=0.9827276357827476, loss=0.05509326891536964

For transform={'angle': 285.0}:
 acc=0.9679512779552716, loss=0.09793186350948752

For transform={'angle': 300.0}:
 acc=0.9465854632587859, loss=0.16079318915722898

For transform={'angle': 315.0}:
 acc=0.9189297124600639, loss=0.2413086580148282

For transform={'angle': 330.0}:
 acc=0.9461861022364217, loss=0.16216631878179294

For transform={'angle': 345.0}:
 acc=0.9686501597444089, loss=0.09510579110441593
