Task ID: 1
Running in out/Deep_LP_train/mnist/partial_angle_invariance_tests/angle_tests_quarter_pooling_376085/90deg_rotations_1
Using cuda

For transform={'angle': 0.0}:
 acc=0.9941099476439791, loss=0.01987732050542112

For transform={'angle': 15.0}:
 acc=0.9835478475858057, loss=0.06113155392642073

For transform={'angle': 30.0}:
 acc=0.9340641361256544, loss=0.24600924427391893

For transform={'angle': 45.0}:
 acc=0.7202043339150669, loss=1.2338125818062826

For transform={'angle': 60.0}:
 acc=0.42568353694008143, loss=3.410899911251368

For transform={'angle': 75.0}:
 acc=0.276977894124491, loss=5.217821610535626

For transform={'angle': 90.0}:
 acc=0.26663394415357766, loss=6.082373194669554

For transform={'angle': 105.0}:
 acc=0.34425901687027344, loss=5.794242171092807

For transform={'angle': 120.0}:
 acc=0.45691535776614306, loss=5.002110524951475

For transform={'angle': 135.0}:
 acc=0.5313772542175683, loss=4.795242101110089

For transform={'angle': 150.0}:
 acc=0.5504472076788831, loss=5.282547403380509

For transform={'angle': 165.0}:
 acc=0.5530468295520652, loss=5.718077805653917

For transform={'angle': 180.0}:
 acc=0.5434845840605003, loss=6.225687224203379

For transform={'angle': 195.0}:
 acc=0.5138888888888888, loss=6.0596948805903885

For transform={'angle': 210.0}:
 acc=0.5004726585223968, loss=6.439357720120415

For transform={'angle': 225.0}:
 acc=0.4500618091913903, loss=6.757335260900527

For transform={'angle': 240.0}:
 acc=0.3751817917393834, loss=7.010449353312946

For transform={'angle': 255.0}:
 acc=0.29352094240837695, loss=6.812823055926418

For transform={'angle': 270.0}:
 acc=0.2693971785922048, loss=6.197469324341619

For transform={'angle': 285.0}:
 acc=0.30646451425247234, loss=4.7290901763276905

For transform={'angle': 300.0}:
 acc=0.4610238510762071, loss=2.9396477369737877

For transform={'angle': 315.0}:
 acc=0.727239674229203, loss=1.1723423182028125

For transform={'angle': 330.0}:
 acc=0.93782722513089, loss=0.20512092421416447

For transform={'angle': 345.0}:
 acc=0.9903468586387435, loss=0.031307502177968155
