Task ID: 0
Running in out/Deep_LP_train/mnist/relative_encoding_450292/standard_relative_0
Using cuda

For transform={'angle': 0.0}:
 acc=0.8033, loss=1.0810642026703805

For transform={'angle': 15.0}:
 acc=0.6302, loss=1.1099742367825705

For transform={'angle': 30.0}:
 acc=0.5056, loss=1.509541012167558

For transform={'angle': 45.0}:
 acc=0.4428, loss=nan

For transform={'angle': 60.0}:
 acc=0.4639, loss=nan

For transform={'angle': 75.0}:
 acc=0.5234, loss=1.4479137446883135

For transform={'angle': 90.0}:
 acc=0.7001, loss=1.3678035776864736

For transform={'angle': 105.0}:
 acc=0.5283, loss=1.4457041278993712

For transform={'angle': 120.0}:
 acc=0.4051, loss=1.8696028137819842

For transform={'angle': 135.0}:
 acc=0.3337, loss=nan

For transform={'angle': 150.0}:
 acc=0.362, loss=nan

For transform={'angle': 165.0}:
 acc=0.4255, loss=1.8706100355971604

For transform={'angle': 180.0}:
 acc=0.5895, loss=1.7757432099673898

For transform={'angle': 195.0}:
 acc=0.437, loss=1.862764871750772

For transform={'angle': 210.0}:
 acc=0.3497, loss=81.63794313201383

For transform={'angle': 225.0}:
 acc=0.3424, loss=2.248945993547514

For transform={'angle': 240.0}:
 acc=0.3971, loss=nan

For transform={'angle': 255.0}:
 acc=0.4804, loss=1.575003912945278

For transform={'angle': 270.0}:
 acc=0.6801, loss=1.4595626359058078

For transform={'angle': 285.0}:
 acc=0.5223, loss=1.4524559854405001

For transform={'angle': 300.0}:
 acc=0.4324, loss=82.08249351754858

For transform={'angle': 315.0}:
 acc=0.4305, loss=nan

For transform={'angle': 330.0}:
 acc=0.5139, loss=nan

For transform={'angle': 345.0}:
 acc=0.6175, loss=1.1097341946240515
