Task ID: 1
Running in out/Deep_LP_train/mnist/relative_encoding_450292/standard_relative_all_1
Using cuda

For transform={'angle': 0.0}:
 acc=0.8295, loss=nan

For transform={'angle': 15.0}:
 acc=0.7875, loss=nan

For transform={'angle': 30.0}:
 acc=0.7322, loss=nan

For transform={'angle': 45.0}:
 acc=0.691, loss=nan

For transform={'angle': 60.0}:
 acc=0.7071, loss=nan

For transform={'angle': 75.0}:
 acc=0.7502, loss=nan

For transform={'angle': 90.0}:
 acc=0.7909, loss=nan

For transform={'angle': 105.0}:
 acc=0.7407, loss=nan

For transform={'angle': 120.0}:
 acc=0.6823, loss=nan

For transform={'angle': 135.0}:
 acc=0.6477, loss=nan

For transform={'angle': 150.0}:
 acc=0.6721, loss=nan

For transform={'angle': 165.0}:
 acc=0.7223, loss=nan

For transform={'angle': 180.0}:
 acc=0.7755, loss=nan

For transform={'angle': 195.0}:
 acc=0.7263, loss=nan

For transform={'angle': 210.0}:
 acc=0.6702, loss=nan

For transform={'angle': 225.0}:
 acc=0.6381, loss=nan

For transform={'angle': 240.0}:
 acc=0.6841, loss=nan

For transform={'angle': 255.0}:
 acc=0.7392, loss=nan

For transform={'angle': 270.0}:
 acc=0.7942, loss=nan

For transform={'angle': 285.0}:
 acc=0.7475, loss=nan

For transform={'angle': 300.0}:
 acc=0.6965, loss=nan

For transform={'angle': 315.0}:
 acc=0.6713, loss=nan

For transform={'angle': 330.0}:
 acc=0.7208, loss=nan

For transform={'angle': 345.0}:
 acc=0.7761, loss=nan
