Task ID: 1
Running in out/Deep_LP_train/mnist/full_mnist_angle_invariance/med_model_large_topk_389594/30deg_rotations_tk12_md_0
Using cuda

For transform={'angle': 0.0}:
 acc=0.987020766773163, loss=0.0412502951878004

For transform={'angle': 15.0}:
 acc=0.9804313099041534, loss=0.06328244746057168

For transform={'angle': 30.0}:
 acc=0.9639576677316294, loss=0.11274028454086009

For transform={'angle': 45.0}:
 acc=0.9440894568690096, loss=0.17147975086053005

For transform={'angle': 60.0}:
 acc=0.961361821086262, loss=0.11881161767084854

For transform={'angle': 75.0}:
 acc=0.9789337060702875, loss=0.06755024529755496

For transform={'angle': 90.0}:
 acc=0.9873202875399361, loss=0.04128881145228975

For transform={'angle': 105.0}:
 acc=0.9805311501597445, loss=0.06334442457782265

For transform={'angle': 120.0}:
 acc=0.9638578274760383, loss=0.11268179483798008

For transform={'angle': 135.0}:
 acc=0.9477835463258786, loss=0.16158505775087986

For transform={'angle': 150.0}:
 acc=0.961361821086262, loss=0.11893308424158766

For transform={'angle': 165.0}:
 acc=0.9786341853035144, loss=0.06782763936637214

For transform={'angle': 180.0}:
 acc=0.987220447284345, loss=0.041261643904671165

For transform={'angle': 195.0}:
 acc=0.9802316293929713, loss=0.06337695655070048

For transform={'angle': 210.0}:
 acc=0.9636581469648562, loss=0.11297136767188641

For transform={'angle': 225.0}:
 acc=0.9442891373801917, loss=0.17038387793247192

For transform={'angle': 240.0}:
 acc=0.961361821086262, loss=0.11836312757433055

For transform={'angle': 255.0}:
 acc=0.9787340255591054, loss=0.06756558470348396

For transform={'angle': 270.0}:
 acc=0.987220447284345, loss=0.041185013131104994

For transform={'angle': 285.0}:
 acc=0.9806309904153354, loss=0.06325787576953151

For transform={'angle': 300.0}:
 acc=0.9635583067092651, loss=0.1131158194872149

For transform={'angle': 315.0}:
 acc=0.9442891373801917, loss=0.17140091183973244

For transform={'angle': 330.0}:
 acc=0.9617611821086262, loss=0.11815633558885405

For transform={'angle': 345.0}:
 acc=0.9787340255591054, loss=0.06750759643803056
