Task ID: 0
Running in out/LP_ResNet_train/rotsvhn/svhn_weight_decay_533620/resnet20_0
Using cuda
Using downloaded and verified file: data/test_32x32.mat

For transform={'angle': 0.0}:
 acc=0.8842578365089121, loss=0.3319679988997881

For transform={'angle': 15.0}:
 acc=0.8157267977873387, loss=0.5357355060506747

For transform={'angle': 30.0}:
 acc=0.7338660110633067, loss=0.802629033580089

For transform={'angle': 45.0}:
 acc=0.6544637369391518, loss=1.008780480639167

For transform={'angle': 60.0}:
 acc=0.6982559926244623, loss=0.8719133930100381

For transform={'angle': 75.0}:
 acc=0.7743930547019053, loss=0.6517048077469411

For transform={'angle': 90.0}:
 acc=0.8842578365089121, loss=0.33196818576997683

For transform={'angle': 105.0}:
 acc=0.8157267977873387, loss=0.5357366319604211

For transform={'angle': 120.0}:
 acc=0.7339044253226797, loss=0.8026316396553683

For transform={'angle': 135.0}:
 acc=0.6568070067609096, loss=1.0033509443858144

For transform={'angle': 150.0}:
 acc=0.6983328211432084, loss=0.8719099188243824

For transform={'angle': 165.0}:
 acc=0.7743162261831592, loss=0.6517047983683801

For transform={'angle': 180.0}:
 acc=0.8842578365089121, loss=0.3319687853114836

For transform={'angle': 195.0}:
 acc=0.8157267977873387, loss=0.5357367678839421

For transform={'angle': 210.0}:
 acc=0.7338275968039336, loss=0.8026294773568833

For transform={'angle': 225.0}:
 acc=0.6531960663798402, loss=1.0055870522029977

For transform={'angle': 240.0}:
 acc=0.6982559926244623, loss=0.8719113063003856

For transform={'angle': 255.0}:
 acc=0.7743930547019053, loss=0.6517029554280613

For transform={'angle': 270.0}:
 acc=0.8842578365089121, loss=0.33196737162068557

For transform={'angle': 285.0}:
 acc=0.8157267977873387, loss=0.5357357498000843

For transform={'angle': 300.0}:
 acc=0.7339044253226797, loss=0.8026318341006371

For transform={'angle': 315.0}:
 acc=0.654540565457898, loss=1.0087839178377203

For transform={'angle': 330.0}:
 acc=0.6982559926244623, loss=0.8719106402096165

For transform={'angle': 345.0}:
 acc=0.7743546404425322, loss=0.6517020276068054
