Task ID: 2
Using params from base-sithcon-params-vlg-cqt.yaml
Loaded base-sithcon-params-vlg-cqt.yaml
Created output directory '/geode2/home/u080/skarukas/Carbonate/SITH/out/SITH_train/sithcon_gsc_cqt_new_1098838/2/log'
Training using cuda
Loading training data
Using glob '/geode2/home/u080/skarukas/Carbonate/SITH/data/SpeechCommands/processed_cqt_zscore/train/**/*'... found 84843 files
Loading validation data
Using glob '/geode2/home/u080/skarukas/Carbonate/SITH/data/SpeechCommands/processed_cqt_zscore/val/**/*'... found 9981 files
Model Architecture:
SITHConClassifier(
  (transform_linears): ModuleList(
    (0): Linear(in_features=128, out_features=128, bias=True)
    (1): Linear(in_features=64, out_features=64, bias=True)
    (2): Linear(in_features=35, out_features=35, bias=True)
  )
  (sithcon_layers): ModuleList(
    (0): TCTCT_Layer(
      (tctct): _TCTCT_Core(
        (sith): iSITH(ntau=400, tau_min=1, tau_max=4000, buff_max=6500, dt=1, k=35, g=0.0)
        (conv): Conv2d(1, 128, kernel_size=(50, 23), stride=(1, 1), dilation=(1, 2), bias=False)
        (maxp): MaxPool1d(kernel_size=356, stride=356, padding=0, dilation=1, ceil_mode=False)
      )
      (act_func): ReLU()
      (dropout): Dropout(p=0, inplace=False)
    )
    (1): TCTCT_Layer(
      (tctct): _TCTCT_Core(
        (sith): iSITH(ntau=400, tau_min=1, tau_max=4000, buff_max=6500, dt=1, k=35, g=0.0)
        (conv): Conv2d(1, 64, kernel_size=(128, 23), stride=(1, 1), dilation=(1, 2), bias=False)
        (maxp): MaxPool1d(kernel_size=356, stride=356, padding=0, dilation=1, ceil_mode=False)
      )
      (act_func): ReLU()
      (dropout): Dropout(p=0, inplace=False)
    )
    (2): TCTCT_Layer(
      (tctct): _TCTCT_Core(
        (sith): iSITH(ntau=400, tau_min=1, tau_max=4000, buff_max=6500, dt=1, k=35, g=0.0)
        (conv): Conv2d(1, 35, kernel_size=(64, 23), stride=(1, 1), dilation=(1, 2), bias=False)
        (maxp): MaxPool1d(kernel_size=356, stride=356, padding=0, dilation=1, ceil_mode=False)
      )
      (act_func): ReLU()
      (dropout): Dropout(p=0, inplace=False)
    )
  )
  (to_out): Linear(in_features=35, out_features=35, bias=True)
)
